<?xml version="1.0" encoding="UTF-8"?>
<testng-results ignored="0" total="3" passed="2" failed="1" skipped="0">
  <reporter-output>
  </reporter-output>
  <suite started-at="2023-02-02T11:31:42 BDT" name="Suite" finished-at="2023-02-02T11:33:16 BDT" duration-ms="94112">
    <groups>
    </groups>
    <test started-at="2023-02-02T11:31:42 BDT" name="Officer login Test" finished-at="2023-02-02T11:32:52 BDT" duration-ms="70068">
      <class name="officerSide.OfficerLogin">
        <test-method is-config="true" signature="driverInitialization()[pri:0, instance:officerSide.OfficerLogin@5ac86ba5]" started-at="2023-02-02T11:31:42 BDT" name="driverInitialization" finished-at="2023-02-02T11:31:42 BDT" duration-ms="8" status="PASS">
          <reporter-output>
          </reporter-output>
        </test-method> <!-- driverInitialization -->
        <test-method signature="loginPageNavigation(java.lang.String,java.lang.String,java.lang.String)[pri:0, instance:officerSide.OfficerLogin@5ac86ba5]" started-at="2023-02-02T11:31:42 BDT" name="loginPageNavigation" data-provider="getData" finished-at="2023-02-02T11:32:11 BDT" duration-ms="28630" status="PASS">
          <params>
            <param index="0">
              <value>
                <![CDATA[hasan.shahria@brainstation-23.com]]>
              </value>
            </param>
            <param index="1">
              <value>
                <![CDATA[bs23@Test123]]>
              </value>
            </param>
            <param index="2">
              <value>
                <![CDATA[First User's Credential Passed]]>
              </value>
            </param>
          </params>
          <reporter-output>
          </reporter-output>
        </test-method> <!-- loginPageNavigation -->
        <test-method signature="loginPageNavigation(java.lang.String,java.lang.String,java.lang.String)[pri:0, instance:officerSide.OfficerLogin@5ac86ba5]" started-at="2023-02-02T11:32:11 BDT" name="loginPageNavigation" data-provider="getData" finished-at="2023-02-02T11:32:36 BDT" duration-ms="25210" status="PASS">
          <params>
            <param index="0">
              <value>
                <![CDATA[testuser2bs23@gmail.com]]>
              </value>
            </param>
            <param index="1">
              <value>
                <![CDATA[bs23@Test123]]>
              </value>
            </param>
            <param index="2">
              <value>
                <![CDATA[Second User's Credential Passed]]>
              </value>
            </param>
          </params>
          <reporter-output>
          </reporter-output>
        </test-method> <!-- loginPageNavigation -->
        <test-method is-config="true" signature="terminateBrowser()[pri:0, instance:officerSide.OfficerLogin@5ac86ba5]" started-at="2023-02-02T11:32:36 BDT" name="terminateBrowser" finished-at="2023-02-02T11:32:52 BDT" duration-ms="16184" status="PASS">
          <reporter-output>
          </reporter-output>
        </test-method> <!-- terminateBrowser -->
      </class> <!-- officerSide.OfficerLogin -->
    </test> <!-- Officer login Test -->
    <test started-at="2023-02-02T11:32:53 BDT" name="Officer Home Page Test" finished-at="2023-02-02T11:33:16 BDT" duration-ms="23749">
      <class name="officerSide.OfficerHomePage">
        <test-method is-config="true" signature="driverInitialization()[pri:0, instance:officerSide.OfficerHomePage@6e521c1e]" started-at="2023-02-02T11:32:53 BDT" name="driverInitialization" finished-at="2023-02-02T11:32:55 BDT" duration-ms="2708" status="PASS">
          <reporter-output>
          </reporter-output>
        </test-method> <!-- driverInitialization -->
        <test-method signature="basePageNavigation()[pri:0, instance:officerSide.OfficerHomePage@6e521c1e]" started-at="2023-02-02T11:32:55 BDT" name="basePageNavigation" finished-at="2023-02-02T11:33:00 BDT" duration-ms="4637" status="FAIL">
          <exception class="java.lang.AssertionError">
            <message>
              <![CDATA[expected [Incidents1] but found [Incidents]]]>
            </message>
            <full-stacktrace>
              <![CDATA[java.lang.AssertionError: expected [Incidents1] but found [Incidents]
at org.testng.Assert.fail(Assert.java:99)
at org.testng.Assert.failNotEquals(Assert.java:1037)
at org.testng.Assert.assertEqualsImpl(Assert.java:140)
at org.testng.Assert.assertEquals(Assert.java:122)
at org.testng.Assert.assertEquals(Assert.java:629)
at org.testng.Assert.assertEquals(Assert.java:639)
at officerSide.OfficerHomePage.basePageNavigation(OfficerHomePage.java:44)
at java.base/jdk.internal.reflect.NativeMethodAccessorImpl.invoke0(Native Method)
at java.base/jdk.internal.reflect.NativeMethodAccessorImpl.invoke(NativeMethodAccessorImpl.java:77)
at java.base/jdk.internal.reflect.DelegatingMethodAccessorImpl.invoke(DelegatingMethodAccessorImpl.java:43)
at java.base/java.lang.reflect.Method.invoke(Method.java:568)
at org.testng.internal.MethodInvocationHelper.invokeMethod(MethodInvocationHelper.java:133)
at org.testng.internal.TestInvoker.invokeMethod(TestInvoker.java:598)
at org.testng.internal.TestInvoker.invokeTestMethod(TestInvoker.java:173)
at org.testng.internal.MethodRunner.runInSequence(MethodRunner.java:46)
at org.testng.internal.TestInvoker$MethodInvocationAgent.invoke(TestInvoker.java:824)
at org.testng.internal.TestInvoker.invokeTestMethods(TestInvoker.java:146)
at org.testng.internal.TestMethodWorker.invokeTestMethods(TestMethodWorker.java:146)
at org.testng.internal.TestMethodWorker.run(TestMethodWorker.java:128)
at java.base/java.util.ArrayList.forEach(ArrayList.java:1511)
at org.testng.TestRunner.privateRun(TestRunner.java:794)
at org.testng.TestRunner.run(TestRunner.java:596)
at org.testng.SuiteRunner.runTest(SuiteRunner.java:377)
at org.testng.SuiteRunner.runSequentially(SuiteRunner.java:371)
at org.testng.SuiteRunner.privateRun(SuiteRunner.java:332)
at org.testng.SuiteRunner.run(SuiteRunner.java:276)
at org.testng.SuiteRunnerWorker.runSuite(SuiteRunnerWorker.java:53)
at org.testng.SuiteRunnerWorker.run(SuiteRunnerWorker.java:96)
at org.testng.TestNG.runSuitesSequentially(TestNG.java:1212)
at org.testng.TestNG.runSuitesLocally(TestNG.java:1134)
at org.testng.TestNG.runSuites(TestNG.java:1063)
at org.testng.TestNG.run(TestNG.java:1031)
at org.testng.remote.AbstractRemoteTestNG.run(AbstractRemoteTestNG.java:115)
at org.testng.remote.RemoteTestNG.initAndRun(RemoteTestNG.java:251)
at org.testng.remote.RemoteTestNG.main(RemoteTestNG.java:77)
]]>
            </full-stacktrace>
          </exception> <!-- java.lang.AssertionError -->
          <reporter-output>
          </reporter-output>
        </test-method> <!-- basePageNavigation -->
        <test-method is-config="true" signature="terminateBrowser()[pri:0, instance:officerSide.OfficerHomePage@6e521c1e]" started-at="2023-02-02T11:33:00 BDT" name="terminateBrowser" finished-at="2023-02-02T11:33:16 BDT" duration-ms="16181" status="PASS">
          <reporter-output>
          </reporter-output>
        </test-method> <!-- terminateBrowser -->
      </class> <!-- officerSide.OfficerHomePage -->
    </test> <!-- Officer Home Page Test -->
  </suite> <!-- Suite -->
</testng-results>
